Using pre-set license
Built from '2020.3/staging' branch; Version is '2020.3.23f1 (c5d91304a876) revision 12966163'; Using compiler version '192528614'; Build Type 'Release'
OS: 'Windows 10 Home; OS build 22000.434; Version 2009; 64bit' Language: 'en' Physical Memory: 32602 MB
BatchMode: 1, IsHumanControllingUs: 0, StartBugReporterOnCrash: 0, Is64bit: 1, IsPro: 0

COMMAND LINE ARGUMENTS:
C:\Program Files\Unity\Hub\Editor\2020.3.23f1\Editor\Unity.exe
-adb2
-batchMode
-noUpm
-name
AssetImportWorker0
-projectPath
C:/Users/benpa/Dropbox/BP/Unity/MyCreations/EcoGo
-logFile
Logs/AssetImportWorker0.log
-srvPort
55390
Successfully changed project path to: C:/Users/benpa/Dropbox/BP/Unity/MyCreations/EcoGo
C:/Users/benpa/Dropbox/BP/Unity/MyCreations/EcoGo
Using Asset Import Pipeline V2.
Refreshing native plugins compatible for Editor in 59.30 ms, found 2 plugins.
Preloading 0 native plugins for Editor in 0.00 ms.
Initialize engine version: 2020.3.23f1 (c5d91304a876)
[Subsystems] Discovering subsystems at path C:/Program Files/Unity/Hub/Editor/2020.3.23f1/Editor/Data/Resources/UnitySubsystems
[Subsystems] Discovering subsystems at path C:/Users/benpa/Dropbox/BP/Unity/MyCreations/EcoGo/Assets
GfxDevice: creating device client; threaded=0
Direct3D:
    Version:  Direct3D 11.0 [level 11.1]
    Renderer: Intel(R) Iris(R) Xe Graphics (ID=0x9a49)
    Vendor:   
    VRAM:     16301 MB
    Driver:   27.20.100.9624
Initialize mono
Mono path[0] = 'C:/Program Files/Unity/Hub/Editor/2020.3.23f1/Editor/Data/Managed'
Mono path[1] = 'C:/Program Files/Unity/Hub/Editor/2020.3.23f1/Editor/Data/MonoBleedingEdge/lib/mono/unityjit'
Mono config path = 'C:/Program Files/Unity/Hub/Editor/2020.3.23f1/Editor/Data/MonoBleedingEdge/etc'
Using monoOptions --debugger-agent=transport=dt_socket,embedding=1,server=y,suspend=n,address=127.0.0.1:56392
Begin MonoManager ReloadAssembly
Registering precompiled unity dll's ...
Register platform support module: C:/Program Files/Unity/Hub/Editor/2020.3.23f1/Editor/Data/PlaybackEngines/WebGLSupport/UnityEditor.WebGL.Extensions.dll
Register platform support module: C:/Program Files/Unity/Hub/Editor/2020.3.23f1/Editor/Data/PlaybackEngines/WindowsStandaloneSupport/UnityEditor.WindowsStandalone.Extensions.dll
Registered in 0.001448 seconds.
Native extension for WindowsStandalone target not found
Native extension for WebGL target not found
Refreshing native plugins compatible for Editor in 58.96 ms, found 2 plugins.
Preloading 0 native plugins for Editor in 0.00 ms.
Mono: successfully reloaded assembly
- Completed reload, in  0.524 seconds
Domain Reload Profiling:
	ReloadAssembly (524ms)
		BeginReloadAssembly (39ms)
			ExecutionOrderSort (0ms)
			DisableScriptedObjects (0ms)
			BackupInstance (0ms)
			ReleaseScriptingObjects (0ms)
			CreateAndSetChildDomain (1ms)
		EndReloadAssembly (414ms)
			LoadAssemblies (37ms)
			RebuildTransferFunctionScriptingTraits (0ms)
			SetupTypeCache (136ms)
			ReleaseScriptCaches (0ms)
			RebuildScriptCaches (24ms)
			SetupLoadedEditorAssemblies (168ms)
				LogAssemblyErrors (0ms)
				InitializePlatformSupportModulesInManaged (4ms)
				SetLoadedEditorAssemblies (0ms)
				RefreshPlugins (59ms)
				BeforeProcessingInitializeOnLoad (14ms)
				ProcessInitializeOnLoadAttributes (69ms)
				ProcessInitializeOnLoadMethodAttributes (22ms)
				AfterProcessingInitializeOnLoad (0ms)
				EditorAssembliesLoaded (0ms)
			ExecutionOrderSort2 (0ms)
			AwakeInstancesAfterBackupRestoration (0ms)
Platform modules already initialized, skipping
Registering precompiled user dll's ...
Registered in 0.002528 seconds.
Begin MonoManager ReloadAssembly
Native extension for WindowsStandalone target not found
Native extension for WebGL target not found
Refreshing native plugins compatible for Editor in 58.82 ms, found 2 plugins.
Preloading 0 native plugins for Editor in 0.00 ms.
Mono: successfully reloaded assembly
- Completed reload, in  1.092 seconds
Domain Reload Profiling:
	ReloadAssembly (1093ms)
		BeginReloadAssembly (119ms)
			ExecutionOrderSort (0ms)
			DisableScriptedObjects (3ms)
			BackupInstance (0ms)
			ReleaseScriptingObjects (0ms)
			CreateAndSetChildDomain (20ms)
		EndReloadAssembly (924ms)
			LoadAssemblies (83ms)
			RebuildTransferFunctionScriptingTraits (0ms)
			SetupTypeCache (297ms)
			ReleaseScriptCaches (1ms)
			RebuildScriptCaches (52ms)
			SetupLoadedEditorAssemblies (383ms)
				LogAssemblyErrors (0ms)
				InitializePlatformSupportModulesInManaged (4ms)
				SetLoadedEditorAssemblies (0ms)
				RefreshPlugins (59ms)
				BeforeProcessingInitializeOnLoad (76ms)
				ProcessInitializeOnLoadAttributes (233ms)
				ProcessInitializeOnLoadMethodAttributes (7ms)
				AfterProcessingInitializeOnLoad (4ms)
				EditorAssembliesLoaded (0ms)
			ExecutionOrderSort2 (0ms)
			AwakeInstancesAfterBackupRestoration (5ms)
Platform modules already initialized, skipping
========================================================================
Worker process is ready to serve import requests
Launched and connected shader compiler UnityShaderCompiler.exe after 0.04 seconds
Refreshing native plugins compatible for Editor in 0.60 ms, found 2 plugins.
Preloading 0 native plugins for Editor in 0.00 ms.
Unloading 3388 Unused Serialized files (Serialized files now loaded: 0)
System memory in use before: 149.6 MB.
System memory in use after: 149.8 MB.

Unloading 20 unused Assets to reduce memory usage. Loaded Objects now: 3824.
Total: 3.997400 ms (FindLiveObjects: 0.253800 ms CreateObjectMapping: 0.205400 ms MarkObjects: 3.431400 ms  DeleteObjects: 0.105200 ms)

AssetImportParameters requested are different than current active one (requested -> active):
  custom:framework-win-MediaFoundation: 216162199b28c13a410421893ffa2e32 -> 
  custom:video-decoder-ogg-theora: a1e56fd34408186e4bbccfd4996cb3dc -> 
  custom:container-muxer-webm: aa71ff27fc2769a1b78a27578f13a17b -> 
  custom:container-demuxer-webm: 4f35f7cbe854078d1ac9338744f61a02 -> 
  custom:container-demuxer-ogg: 62fdf1f143b41e24485cea50d1cbac27 -> 
  custom:video-encoder-webm-vp8: eb34c28f22e8b96e1ab97ce403110664 -> 
  custom:video-codec-MediaFoundation-h265: 746d11721c4dcdbdad8f713fa42b33f4 -> 
  custom:video-decoder-webm-vp8: 9c59270c3fd7afecdb556c50c9e8de78 -> 
  custom:audio-decoder-ogg-vorbis: bf7c407c2cedff20999df2af8eb42d56 -> 
  custom:audio-encoder-webm-vorbis: bf7c407c2cedff20999df2af8eb42d56 -> 
========================================================================
Received Import Request.
  path: Assets/Core/CoreApps/AudioManager/SoundtrackPlayer
  artifactKey: Guid(fb502c3167c8c6443a3dcbd9cfc99d46) Importer(815301076,1909f56bfc062723c751e8b465ee728b)
Start importing Assets/Core/CoreApps/AudioManager/SoundtrackPlayer using Guid(fb502c3167c8c6443a3dcbd9cfc99d46) Importer(815301076,1909f56bfc062723c751e8b465ee728b)  -> (artifact id: '2c9b71427327ce135734fc7fd2a5e626') in 0.012593 seconds 
  Import took 0.018403 seconds .

========================================================================
Received Import Request.
  Time since last request: 5.469318 seconds.
  path: Assets/Core/CoreApps/AudioManager/AudioManager.prefab
  artifactKey: Guid(293a7708538f13141ae16b8637c47608) Importer(815301076,1909f56bfc062723c751e8b465ee728b)
Start importing Assets/Core/CoreApps/AudioManager/AudioManager.prefab using Guid(293a7708538f13141ae16b8637c47608) Importer(815301076,1909f56bfc062723c751e8b465ee728b)  -> (artifact id: '4280c70c3ed80ab28700b8bf42ed3a46') in 0.047894 seconds 
  Import took 0.053683 seconds .

========================================================================
Received Import Request.
  Time since last request: 48.570235 seconds.
  path: Assets/Core/CoreApps/AudioManager/SoundtrackPlayer/SoundtrackModule.prefab
  artifactKey: Guid(ffb041c84b81b5f479714145f3402082) Importer(815301076,1909f56bfc062723c751e8b465ee728b)
Start importing Assets/Core/CoreApps/AudioManager/SoundtrackPlayer/SoundtrackModule.prefab using Guid(ffb041c84b81b5f479714145f3402082) Importer(815301076,1909f56bfc062723c751e8b465ee728b)  -> (artifact id: 'd53785abff16cc6f86cef9ef03284225') in 0.011531 seconds 
  Import took 0.018036 seconds .

========================================================================
Received Import Request.
  Time since last request: 18.304059 seconds.
  path: Assets/Core/CoreApps/AudioManager/SoundtrackPlayer/SoundtrackModule.cs
  artifactKey: Guid(780e82884c3487d479efc98fa6aa3ae2) Importer(815301076,1909f56bfc062723c751e8b465ee728b)
Start importing Assets/Core/CoreApps/AudioManager/SoundtrackPlayer/SoundtrackModule.cs using Guid(780e82884c3487d479efc98fa6aa3ae2) Importer(815301076,1909f56bfc062723c751e8b465ee728b)  -> (artifact id: '6d4b1a548cbc13105278e4d7de3cb2fa') in 0.008329 seconds 
  Import took 0.015778 seconds .

========================================================================
Received Prepare
Registering precompiled user dll's ...
Registered in 0.002586 seconds.
Begin MonoManager ReloadAssembly
Native extension for WindowsStandalone target not found
Native extension for WebGL target not found
Refreshing native plugins compatible for Editor in 0.70 ms, found 2 plugins.
Preloading 0 native plugins for Editor in 0.00 ms.
Mono: successfully reloaded assembly
- Completed reload, in  1.026 seconds
Domain Reload Profiling:
	ReloadAssembly (1027ms)
		BeginReloadAssembly (123ms)
			ExecutionOrderSort (0ms)
			DisableScriptedObjects (4ms)
			BackupInstance (0ms)
			ReleaseScriptingObjects (0ms)
			CreateAndSetChildDomain (41ms)
		EndReloadAssembly (847ms)
			LoadAssemblies (75ms)
			RebuildTransferFunctionScriptingTraits (0ms)
			SetupTypeCache (286ms)
			ReleaseScriptCaches (3ms)
			RebuildScriptCaches (74ms)
			SetupLoadedEditorAssemblies (302ms)
				LogAssemblyErrors (0ms)
				InitializePlatformSupportModulesInManaged (7ms)
				SetLoadedEditorAssemblies (1ms)
				RefreshPlugins (1ms)
				BeforeProcessingInitializeOnLoad (82ms)
				ProcessInitializeOnLoadAttributes (200ms)
				ProcessInitializeOnLoadMethodAttributes (7ms)
				AfterProcessingInitializeOnLoad (4ms)
				EditorAssembliesLoaded (0ms)
			ExecutionOrderSort2 (0ms)
			AwakeInstancesAfterBackupRestoration (8ms)
Platform modules already initialized, skipping
Refreshing native plugins compatible for Editor in 0.61 ms, found 2 plugins.
Preloading 0 native plugins for Editor in 0.00 ms.
Unloading 3262 Unused Serialized files (Serialized files now loaded: 0)
System memory in use before: 141.0 MB.
System memory in use after: 141.2 MB.

Unloading 13 unused Assets to reduce memory usage. Loaded Objects now: 3827.
Total: 3.104000 ms (FindLiveObjects: 0.236300 ms CreateObjectMapping: 0.105400 ms MarkObjects: 2.743700 ms  DeleteObjects: 0.017700 ms)

AssetImportParameters requested are different than current active one (requested -> active):
  custom:framework-win-MediaFoundation: 216162199b28c13a410421893ffa2e32 -> 
  custom:video-decoder-ogg-theora: a1e56fd34408186e4bbccfd4996cb3dc -> 
  custom:container-muxer-webm: aa71ff27fc2769a1b78a27578f13a17b -> 
  custom:container-demuxer-webm: 4f35f7cbe854078d1ac9338744f61a02 -> 
  custom:container-demuxer-ogg: 62fdf1f143b41e24485cea50d1cbac27 -> 
  custom:video-encoder-webm-vp8: eb34c28f22e8b96e1ab97ce403110664 -> 
  custom:video-codec-MediaFoundation-h265: 746d11721c4dcdbdad8f713fa42b33f4 -> 
  custom:video-decoder-webm-vp8: 9c59270c3fd7afecdb556c50c9e8de78 -> 
  custom:audio-decoder-ogg-vorbis: bf7c407c2cedff20999df2af8eb42d56 -> 
  custom:audio-encoder-webm-vorbis: bf7c407c2cedff20999df2af8eb42d56 -> 
========================================================================
Received Import Request.
  Time since last request: 26.750382 seconds.
  path: Assets/Core/CoreApps/AudioManager/SoundtrackPlayer/SoundtrackModule.cs
  artifactKey: Guid(780e82884c3487d479efc98fa6aa3ae2) Importer(815301076,1909f56bfc062723c751e8b465ee728b)
Start importing Assets/Core/CoreApps/AudioManager/SoundtrackPlayer/SoundtrackModule.cs using Guid(780e82884c3487d479efc98fa6aa3ae2) Importer(815301076,1909f56bfc062723c751e8b465ee728b)  -> (artifact id: '814d27505ee5700bce7f7b8e5930d59d') in 0.008745 seconds 
  Import took 0.015313 seconds .

========================================================================
Received Import Request.
  Time since last request: 4.991479 seconds.
  path: Assets/Core/CoreApps/AudioManager/SoundtrackPlayer/SoundtrackModule.cs
  artifactKey: Guid(780e82884c3487d479efc98fa6aa3ae2) Importer(815301076,1909f56bfc062723c751e8b465ee728b)
Start importing Assets/Core/CoreApps/AudioManager/SoundtrackPlayer/SoundtrackModule.cs using Guid(780e82884c3487d479efc98fa6aa3ae2) Importer(815301076,1909f56bfc062723c751e8b465ee728b)  -> (artifact id: 'e0f318cc527632198aba3e2064061661') in 0.004299 seconds 
  Import took 0.010394 seconds .

========================================================================
Received Prepare
Registering precompiled user dll's ...
Registered in 0.002683 seconds.
Begin MonoManager ReloadAssembly
Native extension for WindowsStandalone target not found
Native extension for WebGL target not found
Refreshing native plugins compatible for Editor in 1.02 ms, found 2 plugins.
Preloading 0 native plugins for Editor in 0.00 ms.
Mono: successfully reloaded assembly
- Completed reload, in  1.457 seconds
Domain Reload Profiling:
	ReloadAssembly (1457ms)
		BeginReloadAssembly (139ms)
			ExecutionOrderSort (0ms)
			DisableScriptedObjects (7ms)
			BackupInstance (0ms)
			ReleaseScriptingObjects (0ms)
			CreateAndSetChildDomain (50ms)
		EndReloadAssembly (1252ms)
			LoadAssemblies (98ms)
			RebuildTransferFunctionScriptingTraits (0ms)
			SetupTypeCache (430ms)
			ReleaseScriptCaches (3ms)
			RebuildScriptCaches (79ms)
			SetupLoadedEditorAssemblies (474ms)
				LogAssemblyErrors (0ms)
				InitializePlatformSupportModulesInManaged (9ms)
				SetLoadedEditorAssemblies (0ms)
				RefreshPlugins (1ms)
				BeforeProcessingInitializeOnLoad (164ms)
				ProcessInitializeOnLoadAttributes (286ms)
				ProcessInitializeOnLoadMethodAttributes (9ms)
				AfterProcessingInitializeOnLoad (4ms)
				EditorAssembliesLoaded (0ms)
			ExecutionOrderSort2 (0ms)
			AwakeInstancesAfterBackupRestoration (9ms)
Platform modules already initialized, skipping
Refreshing native plugins compatible for Editor in 0.95 ms, found 2 plugins.
Preloading 0 native plugins for Editor in 0.00 ms.
Unloading 3262 Unused Serialized files (Serialized files now loaded: 0)
System memory in use before: 141.0 MB.
System memory in use after: 141.3 MB.

Unloading 13 unused Assets to reduce memory usage. Loaded Objects now: 3829.
Total: 5.570000 ms (FindLiveObjects: 0.277200 ms CreateObjectMapping: 0.136200 ms MarkObjects: 5.120300 ms  DeleteObjects: 0.034600 ms)

AssetImportParameters requested are different than current active one (requested -> active):
  custom:framework-win-MediaFoundation: 216162199b28c13a410421893ffa2e32 -> 
  custom:video-decoder-ogg-theora: a1e56fd34408186e4bbccfd4996cb3dc -> 
  custom:container-muxer-webm: aa71ff27fc2769a1b78a27578f13a17b -> 
  custom:container-demuxer-webm: 4f35f7cbe854078d1ac9338744f61a02 -> 
  custom:container-demuxer-ogg: 62fdf1f143b41e24485cea50d1cbac27 -> 
  custom:video-encoder-webm-vp8: eb34c28f22e8b96e1ab97ce403110664 -> 
  custom:video-codec-MediaFoundation-h265: 746d11721c4dcdbdad8f713fa42b33f4 -> 
  custom:video-decoder-webm-vp8: 9c59270c3fd7afecdb556c50c9e8de78 -> 
  custom:audio-decoder-ogg-vorbis: bf7c407c2cedff20999df2af8eb42d56 -> 
  custom:audio-encoder-webm-vorbis: bf7c407c2cedff20999df2af8eb42d56 -> 
========================================================================
Received Prepare
Registering precompiled user dll's ...
Registered in 0.002743 seconds.
Begin MonoManager ReloadAssembly
Native extension for WindowsStandalone target not found
Native extension for WebGL target not found
Refreshing native plugins compatible for Editor in 1.22 ms, found 2 plugins.
Preloading 0 native plugins for Editor in 0.00 ms.
Mono: successfully reloaded assembly
- Completed reload, in  1.234 seconds
Domain Reload Profiling:
	ReloadAssembly (1235ms)
		BeginReloadAssembly (136ms)
			ExecutionOrderSort (0ms)
			DisableScriptedObjects (6ms)
			BackupInstance (0ms)
			ReleaseScriptingObjects (0ms)
			CreateAndSetChildDomain (61ms)
		EndReloadAssembly (1032ms)
			LoadAssemblies (86ms)
			RebuildTransferFunctionScriptingTraits (0ms)
			SetupTypeCache (320ms)
			ReleaseScriptCaches (2ms)
			RebuildScriptCaches (55ms)
			SetupLoadedEditorAssemblies (409ms)
				LogAssemblyErrors (0ms)
				InitializePlatformSupportModulesInManaged (10ms)
				SetLoadedEditorAssemblies (1ms)
				RefreshPlugins (1ms)
				BeforeProcessingInitializeOnLoad (110ms)
				ProcessInitializeOnLoadAttributes (270ms)
				ProcessInitializeOnLoadMethodAttributes (8ms)
				AfterProcessingInitializeOnLoad (9ms)
				EditorAssembliesLoaded (1ms)
			ExecutionOrderSort2 (0ms)
			AwakeInstancesAfterBackupRestoration (19ms)
Platform modules already initialized, skipping
Refreshing native plugins compatible for Editor in 1.04 ms, found 2 plugins.
Preloading 0 native plugins for Editor in 0.00 ms.
Unloading 3262 Unused Serialized files (Serialized files now loaded: 0)
System memory in use before: 141.1 MB.
System memory in use after: 141.3 MB.

Unloading 13 unused Assets to reduce memory usage. Loaded Objects now: 3831.
Total: 3.163800 ms (FindLiveObjects: 0.236300 ms CreateObjectMapping: 0.096000 ms MarkObjects: 2.798300 ms  DeleteObjects: 0.032100 ms)

AssetImportParameters requested are different than current active one (requested -> active):
  custom:framework-win-MediaFoundation: 216162199b28c13a410421893ffa2e32 -> 
  custom:video-decoder-ogg-theora: a1e56fd34408186e4bbccfd4996cb3dc -> 
  custom:container-muxer-webm: aa71ff27fc2769a1b78a27578f13a17b -> 
  custom:container-demuxer-webm: 4f35f7cbe854078d1ac9338744f61a02 -> 
  custom:container-demuxer-ogg: 62fdf1f143b41e24485cea50d1cbac27 -> 
  custom:video-encoder-webm-vp8: eb34c28f22e8b96e1ab97ce403110664 -> 
  custom:video-codec-MediaFoundation-h265: 746d11721c4dcdbdad8f713fa42b33f4 -> 
  custom:video-decoder-webm-vp8: 9c59270c3fd7afecdb556c50c9e8de78 -> 
  custom:audio-decoder-ogg-vorbis: bf7c407c2cedff20999df2af8eb42d56 -> 
  custom:audio-encoder-webm-vorbis: bf7c407c2cedff20999df2af8eb42d56 -> 
========================================================================
Received Import Request.
  Time since last request: 80.307106 seconds.
  path: Assets/Core/CoreApps/AudioManager/AudioChannels/ambience_audioChannel.asset
  artifactKey: Guid(085672264a478a04daf39651a07ce7ab) Importer(815301076,1909f56bfc062723c751e8b465ee728b)
Start importing Assets/Core/CoreApps/AudioManager/AudioChannels/ambience_audioChannel.asset using Guid(085672264a478a04daf39651a07ce7ab) Importer(815301076,1909f56bfc062723c751e8b465ee728b)  -> (artifact id: 'd0ff99e2d9a5581960169755f2353602') in 0.028514 seconds 
  Import took 0.034860 seconds .

========================================================================
Received Prepare
Registering precompiled user dll's ...
Registered in 0.003606 seconds.
Begin MonoManager ReloadAssembly
Native extension for WindowsStandalone target not found
Native extension for WebGL target not found
Refreshing native plugins compatible for Editor in 0.77 ms, found 2 plugins.
Preloading 0 native plugins for Editor in 0.00 ms.
Mono: successfully reloaded assembly
- Completed reload, in  1.434 seconds
Domain Reload Profiling:
	ReloadAssembly (1435ms)
		BeginReloadAssembly (196ms)
			ExecutionOrderSort (0ms)
			DisableScriptedObjects (4ms)
			BackupInstance (0ms)
			ReleaseScriptingObjects (0ms)
			CreateAndSetChildDomain (69ms)
		EndReloadAssembly (1165ms)
			LoadAssemblies (129ms)
			RebuildTransferFunctionScriptingTraits (0ms)
			SetupTypeCache (363ms)
			ReleaseScriptCaches (2ms)
			RebuildScriptCaches (50ms)
			SetupLoadedEditorAssemblies (463ms)
				LogAssemblyErrors (0ms)
				InitializePlatformSupportModulesInManaged (6ms)
				SetLoadedEditorAssemblies (0ms)
				RefreshPlugins (1ms)
				BeforeProcessingInitializeOnLoad (96ms)
				ProcessInitializeOnLoadAttributes (337ms)
				ProcessInitializeOnLoadMethodAttributes (14ms)
				AfterProcessingInitializeOnLoad (7ms)
				EditorAssembliesLoaded (0ms)
			ExecutionOrderSort2 (0ms)
			AwakeInstancesAfterBackupRestoration (13ms)
Platform modules already initialized, skipping
Refreshing native plugins compatible for Editor in 0.89 ms, found 2 plugins.
Preloading 0 native plugins for Editor in 0.00 ms.
Unloading 3262 Unused Serialized files (Serialized files now loaded: 0)
System memory in use before: 141.1 MB.
System memory in use after: 141.3 MB.

Unloading 13 unused Assets to reduce memory usage. Loaded Objects now: 3833.
Total: 4.943600 ms (FindLiveObjects: 0.224400 ms CreateObjectMapping: 0.147400 ms MarkObjects: 4.547600 ms  DeleteObjects: 0.022900 ms)

AssetImportParameters requested are different than current active one (requested -> active):
  custom:framework-win-MediaFoundation: 216162199b28c13a410421893ffa2e32 -> 
  custom:video-decoder-ogg-theora: a1e56fd34408186e4bbccfd4996cb3dc -> 
  custom:container-muxer-webm: aa71ff27fc2769a1b78a27578f13a17b -> 
  custom:container-demuxer-webm: 4f35f7cbe854078d1ac9338744f61a02 -> 
  custom:container-demuxer-ogg: 62fdf1f143b41e24485cea50d1cbac27 -> 
  custom:video-encoder-webm-vp8: eb34c28f22e8b96e1ab97ce403110664 -> 
  custom:video-codec-MediaFoundation-h265: 746d11721c4dcdbdad8f713fa42b33f4 -> 
  custom:video-decoder-webm-vp8: 9c59270c3fd7afecdb556c50c9e8de78 -> 
  custom:audio-decoder-ogg-vorbis: bf7c407c2cedff20999df2af8eb42d56 -> 
  custom:audio-encoder-webm-vorbis: bf7c407c2cedff20999df2af8eb42d56 -> 
========================================================================
Received Import Request.
  Time since last request: 131.847465 seconds.
  path: Assets/Core/CoreApps/AudioManager/AudioChannels/ambienceVol_float.asset
  artifactKey: Guid(2d16cacf4ecba83469164f765867725e) Importer(815301076,1909f56bfc062723c751e8b465ee728b)
Start importing Assets/Core/CoreApps/AudioManager/AudioChannels/ambienceVol_float.asset using Guid(2d16cacf4ecba83469164f765867725e) Importer(815301076,1909f56bfc062723c751e8b465ee728b)  -> (artifact id: 'e69de4d2d95066ab3c818284660287e2') in 0.023405 seconds 
  Import took 0.029209 seconds .

========================================================================
Received Prepare
Registering precompiled user dll's ...
Registered in 0.002378 seconds.
Begin MonoManager ReloadAssembly
Native extension for WindowsStandalone target not found
Native extension for WebGL target not found
Refreshing native plugins compatible for Editor in 0.58 ms, found 2 plugins.
Preloading 0 native plugins for Editor in 0.00 ms.
Mono: successfully reloaded assembly
- Completed reload, in  1.008 seconds
Domain Reload Profiling:
	ReloadAssembly (1009ms)
		BeginReloadAssembly (107ms)
			ExecutionOrderSort (0ms)
			DisableScriptedObjects (3ms)
			BackupInstance (0ms)
			ReleaseScriptingObjects (0ms)
			CreateAndSetChildDomain (31ms)
		EndReloadAssembly (853ms)
			LoadAssemblies (78ms)
			RebuildTransferFunctionScriptingTraits (0ms)
			SetupTypeCache (284ms)
			ReleaseScriptCaches (2ms)
			RebuildScriptCaches (46ms)
			SetupLoadedEditorAssemblies (314ms)
				LogAssemblyErrors (0ms)
				InitializePlatformSupportModulesInManaged (5ms)
				SetLoadedEditorAssemblies (0ms)
				RefreshPlugins (1ms)
				BeforeProcessingInitializeOnLoad (90ms)
				ProcessInitializeOnLoadAttributes (207ms)
				ProcessInitializeOnLoadMethodAttributes (7ms)
				AfterProcessingInitializeOnLoad (4ms)
				EditorAssembliesLoaded (0ms)
			ExecutionOrderSort2 (0ms)
			AwakeInstancesAfterBackupRestoration (8ms)
Platform modules already initialized, skipping
Refreshing native plugins compatible for Editor in 0.57 ms, found 2 plugins.
Preloading 0 native plugins for Editor in 0.00 ms.
Unloading 3262 Unused Serialized files (Serialized files now loaded: 0)
System memory in use before: 141.1 MB.
System memory in use after: 141.3 MB.

Unloading 13 unused Assets to reduce memory usage. Loaded Objects now: 3835.
Total: 3.550400 ms (FindLiveObjects: 0.243200 ms CreateObjectMapping: 0.109600 ms MarkObjects: 3.165300 ms  DeleteObjects: 0.030800 ms)

AssetImportParameters requested are different than current active one (requested -> active):
  custom:framework-win-MediaFoundation: 216162199b28c13a410421893ffa2e32 -> 
  custom:video-decoder-ogg-theora: a1e56fd34408186e4bbccfd4996cb3dc -> 
  custom:container-muxer-webm: aa71ff27fc2769a1b78a27578f13a17b -> 
  custom:container-demuxer-webm: 4f35f7cbe854078d1ac9338744f61a02 -> 
  custom:container-demuxer-ogg: 62fdf1f143b41e24485cea50d1cbac27 -> 
  custom:video-encoder-webm-vp8: eb34c28f22e8b96e1ab97ce403110664 -> 
  custom:video-codec-MediaFoundation-h265: 746d11721c4dcdbdad8f713fa42b33f4 -> 
  custom:video-decoder-webm-vp8: 9c59270c3fd7afecdb556c50c9e8de78 -> 
  custom:audio-decoder-ogg-vorbis: bf7c407c2cedff20999df2af8eb42d56 -> 
  custom:audio-encoder-webm-vorbis: bf7c407c2cedff20999df2af8eb42d56 -> 
========================================================================
Received Import Request.
  Time since last request: 121.196656 seconds.
  path: Assets/Core/CoreApps/AudioManager/SoundtrackModule
  artifactKey: Guid(fb502c3167c8c6443a3dcbd9cfc99d46) Importer(815301076,1909f56bfc062723c751e8b465ee728b)
Start importing Assets/Core/CoreApps/AudioManager/SoundtrackModule using Guid(fb502c3167c8c6443a3dcbd9cfc99d46) Importer(815301076,1909f56bfc062723c751e8b465ee728b)  -> (artifact id: '55735f3b3f35870e6d71351651b75db0') in 0.009716 seconds 
  Import took 0.024341 seconds .

========================================================================
Received Import Request.
  Time since last request: 41.875053 seconds.
  path: Assets/Core/CoreApps/AudioManager/SoundtrackModule/SoundtrackTrack.cs
  artifactKey: Guid(52ac68a2d297ba243b541819d90c07b9) Importer(815301076,1909f56bfc062723c751e8b465ee728b)
Start importing Assets/Core/CoreApps/AudioManager/SoundtrackModule/SoundtrackTrack.cs using Guid(52ac68a2d297ba243b541819d90c07b9) Importer(815301076,1909f56bfc062723c751e8b465ee728b)  -> (artifact id: '0352f92d3614700af155b1ff9bf7188e') in 0.010142 seconds 
  Import took 0.016842 seconds .

========================================================================
Received Prepare
Registering precompiled user dll's ...
Registered in 0.002379 seconds.
Begin MonoManager ReloadAssembly
Native extension for WindowsStandalone target not found
Native extension for WebGL target not found
Refreshing native plugins compatible for Editor in 0.61 ms, found 2 plugins.
Preloading 0 native plugins for Editor in 0.00 ms.
Mono: successfully reloaded assembly
- Completed reload, in  1.023 seconds
Domain Reload Profiling:
	ReloadAssembly (1023ms)
		BeginReloadAssembly (107ms)
			ExecutionOrderSort (0ms)
			DisableScriptedObjects (3ms)
			BackupInstance (0ms)
			ReleaseScriptingObjects (0ms)
			CreateAndSetChildDomain (37ms)
		EndReloadAssembly (867ms)
			LoadAssemblies (73ms)
			RebuildTransferFunctionScriptingTraits (0ms)
			SetupTypeCache (269ms)
			ReleaseScriptCaches (1ms)
			RebuildScriptCaches (34ms)
			SetupLoadedEditorAssemblies (369ms)
				LogAssemblyErrors (0ms)
				InitializePlatformSupportModulesInManaged (5ms)
				SetLoadedEditorAssemblies (1ms)
				RefreshPlugins (1ms)
				BeforeProcessingInitializeOnLoad (90ms)
				ProcessInitializeOnLoadAttributes (260ms)
				ProcessInitializeOnLoadMethodAttributes (8ms)
				AfterProcessingInitializeOnLoad (5ms)
				EditorAssembliesLoaded (0ms)
			ExecutionOrderSort2 (0ms)
			AwakeInstancesAfterBackupRestoration (11ms)
Platform modules already initialized, skipping
Refreshing native plugins compatible for Editor in 0.60 ms, found 2 plugins.
Preloading 0 native plugins for Editor in 0.00 ms.
Unloading 3263 Unused Serialized files (Serialized files now loaded: 0)
System memory in use before: 141.1 MB.
System memory in use after: 141.4 MB.

Unloading 13 unused Assets to reduce memory usage. Loaded Objects now: 3838.
Total: 4.748700 ms (FindLiveObjects: 0.514700 ms CreateObjectMapping: 0.300300 ms MarkObjects: 3.898500 ms  DeleteObjects: 0.033900 ms)

AssetImportParameters requested are different than current active one (requested -> active):
  custom:framework-win-MediaFoundation: 216162199b28c13a410421893ffa2e32 -> 
  custom:video-decoder-ogg-theora: a1e56fd34408186e4bbccfd4996cb3dc -> 
  custom:container-muxer-webm: aa71ff27fc2769a1b78a27578f13a17b -> 
  custom:container-demuxer-webm: 4f35f7cbe854078d1ac9338744f61a02 -> 
  custom:container-demuxer-ogg: 62fdf1f143b41e24485cea50d1cbac27 -> 
  custom:video-encoder-webm-vp8: eb34c28f22e8b96e1ab97ce403110664 -> 
  custom:video-codec-MediaFoundation-h265: 746d11721c4dcdbdad8f713fa42b33f4 -> 
  custom:video-decoder-webm-vp8: 9c59270c3fd7afecdb556c50c9e8de78 -> 
  custom:audio-decoder-ogg-vorbis: bf7c407c2cedff20999df2af8eb42d56 -> 
  custom:audio-encoder-webm-vorbis: bf7c407c2cedff20999df2af8eb42d56 -> 
========================================================================
Received Import Request.
  Time since last request: 42.722335 seconds.
  path: Assets/Core/CoreApps/AudioManager/SoundtrackModule/SoundtrackTrack.cs
  artifactKey: Guid(52ac68a2d297ba243b541819d90c07b9) Importer(815301076,1909f56bfc062723c751e8b465ee728b)
Start importing Assets/Core/CoreApps/AudioManager/SoundtrackModule/SoundtrackTrack.cs using Guid(52ac68a2d297ba243b541819d90c07b9) Importer(815301076,1909f56bfc062723c751e8b465ee728b)  -> (artifact id: 'cc1a3f8ab8a47d188a55c5df6755e019') in 0.015393 seconds 
  Import took 0.028023 seconds .

========================================================================
Received Prepare
Registering precompiled user dll's ...
Registered in 0.005423 seconds.
Begin MonoManager ReloadAssembly
Native extension for WindowsStandalone target not found
Native extension for WebGL target not found
Refreshing native plugins compatible for Editor in 1.07 ms, found 2 plugins.
Preloading 0 native plugins for Editor in 0.00 ms.
Mono: successfully reloaded assembly
- Completed reload, in  1.438 seconds
Domain Reload Profiling:
	ReloadAssembly (1439ms)
		BeginReloadAssembly (137ms)
			ExecutionOrderSort (0ms)
			DisableScriptedObjects (4ms)
			BackupInstance (0ms)
			ReleaseScriptingObjects (0ms)
			CreateAndSetChildDomain (47ms)
		EndReloadAssembly (1230ms)
			LoadAssemblies (96ms)
			RebuildTransferFunctionScriptingTraits (0ms)
			SetupTypeCache (451ms)
			ReleaseScriptCaches (2ms)
			RebuildScriptCaches (53ms)
			SetupLoadedEditorAssemblies (487ms)
				LogAssemblyErrors (0ms)
				InitializePlatformSupportModulesInManaged (9ms)
				SetLoadedEditorAssemblies (1ms)
				RefreshPlugins (1ms)
				BeforeProcessingInitializeOnLoad (171ms)
				ProcessInitializeOnLoadAttributes (289ms)
				ProcessInitializeOnLoadMethodAttributes (8ms)
				AfterProcessingInitializeOnLoad (6ms)
				EditorAssembliesLoaded (0ms)
			ExecutionOrderSort2 (0ms)
			AwakeInstancesAfterBackupRestoration (16ms)
Platform modules already initialized, skipping
Refreshing native plugins compatible for Editor in 0.89 ms, found 2 plugins.
Preloading 0 native plugins for Editor in 0.00 ms.
Unloading 3263 Unused Serialized files (Serialized files now loaded: 0)
System memory in use before: 141.1 MB.
System memory in use after: 141.4 MB.

Unloading 13 unused Assets to reduce memory usage. Loaded Objects now: 3840.
Total: 3.744500 ms (FindLiveObjects: 0.282100 ms CreateObjectMapping: 0.212900 ms MarkObjects: 3.219500 ms  DeleteObjects: 0.028500 ms)

AssetImportParameters requested are different than current active one (requested -> active):
  custom:framework-win-MediaFoundation: 216162199b28c13a410421893ffa2e32 -> 
  custom:video-decoder-ogg-theora: a1e56fd34408186e4bbccfd4996cb3dc -> 
  custom:container-muxer-webm: aa71ff27fc2769a1b78a27578f13a17b -> 
  custom:container-demuxer-webm: 4f35f7cbe854078d1ac9338744f61a02 -> 
  custom:container-demuxer-ogg: 62fdf1f143b41e24485cea50d1cbac27 -> 
  custom:video-encoder-webm-vp8: eb34c28f22e8b96e1ab97ce403110664 -> 
  custom:video-codec-MediaFoundation-h265: 746d11721c4dcdbdad8f713fa42b33f4 -> 
  custom:video-decoder-webm-vp8: 9c59270c3fd7afecdb556c50c9e8de78 -> 
  custom:audio-decoder-ogg-vorbis: bf7c407c2cedff20999df2af8eb42d56 -> 
  custom:audio-encoder-webm-vorbis: bf7c407c2cedff20999df2af8eb42d56 -> 
========================================================================
Received Import Request.
  Time since last request: 66.771833 seconds.
  path: Assets/Core/CoreApps/AudioManager/SoundtrackModule/SoundtrackModule.cs
  artifactKey: Guid(780e82884c3487d479efc98fa6aa3ae2) Importer(815301076,1909f56bfc062723c751e8b465ee728b)
Start importing Assets/Core/CoreApps/AudioManager/SoundtrackModule/SoundtrackModule.cs using Guid(780e82884c3487d479efc98fa6aa3ae2) Importer(815301076,1909f56bfc062723c751e8b465ee728b)  -> (artifact id: 'b340404ac542f21c9f53950185476f8c') in 0.010138 seconds 
  Import took 0.016812 seconds .

========================================================================
Received Import Request.
  Time since last request: 34.051254 seconds.
  path: Assets/Core/CoreApps/AudioManager/SoundtrackModule/SoundtrackModule.cs
  artifactKey: Guid(780e82884c3487d479efc98fa6aa3ae2) Importer(815301076,1909f56bfc062723c751e8b465ee728b)
Start importing Assets/Core/CoreApps/AudioManager/SoundtrackModule/SoundtrackModule.cs using Guid(780e82884c3487d479efc98fa6aa3ae2) Importer(815301076,1909f56bfc062723c751e8b465ee728b)  -> (artifact id: '5d52e42c964d068fc0157ad93f744070') in 0.009272 seconds 
  Import took 0.023604 seconds .

========================================================================
Received Import Request.
  Time since last request: 80.319297 seconds.
  path: Assets/Core/CoreApps/AudioManager/SoundtrackModule/SoundtrackModule.cs
  artifactKey: Guid(780e82884c3487d479efc98fa6aa3ae2) Importer(815301076,1909f56bfc062723c751e8b465ee728b)
Start importing Assets/Core/CoreApps/AudioManager/SoundtrackModule/SoundtrackModule.cs using Guid(780e82884c3487d479efc98fa6aa3ae2) Importer(815301076,1909f56bfc062723c751e8b465ee728b)  -> (artifact id: '4da1d8c456ca83737708365d4db46b74') in 0.010666 seconds 
  Import took 0.024327 seconds .

========================================================================
Received Import Request.
  Time since last request: 97.017391 seconds.
  path: Assets/Core/CoreApps/AudioManager/SoundtrackModule/SoundtrackModule.cs
  artifactKey: Guid(780e82884c3487d479efc98fa6aa3ae2) Importer(815301076,1909f56bfc062723c751e8b465ee728b)
Start importing Assets/Core/CoreApps/AudioManager/SoundtrackModule/SoundtrackModule.cs using Guid(780e82884c3487d479efc98fa6aa3ae2) Importer(815301076,1909f56bfc062723c751e8b465ee728b)  -> (artifact id: '83d6d561073d6995ba8fafb98b5026ea') in 0.009483 seconds 
  Import took 0.026714 seconds .

========================================================================
Received Import Request.
  Time since last request: 70.645388 seconds.
  path: Assets/Core/CoreApps/AudioManager/SoundtrackModule/SoundtrackModule.cs
  artifactKey: Guid(780e82884c3487d479efc98fa6aa3ae2) Importer(815301076,1909f56bfc062723c751e8b465ee728b)
Start importing Assets/Core/CoreApps/AudioManager/SoundtrackModule/SoundtrackModule.cs using Guid(780e82884c3487d479efc98fa6aa3ae2) Importer(815301076,1909f56bfc062723c751e8b465ee728b)  -> (artifact id: '30e75f2dda73bf2419d78cf4145ec99e') in 0.007375 seconds 
  Import took 0.017741 seconds .

========================================================================
Received Import Request.
  Time since last request: 16.360476 seconds.
  path: Assets/Core/CoreApps/AudioManager/SoundtrackModule/SoundtrackModule.cs
  artifactKey: Guid(780e82884c3487d479efc98fa6aa3ae2) Importer(815301076,1909f56bfc062723c751e8b465ee728b)
Start importing Assets/Core/CoreApps/AudioManager/SoundtrackModule/SoundtrackModule.cs using Guid(780e82884c3487d479efc98fa6aa3ae2) Importer(815301076,1909f56bfc062723c751e8b465ee728b)  -> (artifact id: 'c27d784ec91e4f92b57dedec048ba70c') in 0.006802 seconds 
  Import took 0.017681 seconds .

========================================================================
Received Prepare
Registering precompiled user dll's ...
Registered in 0.004300 seconds.
Begin MonoManager ReloadAssembly
Native extension for WindowsStandalone target not found
Native extension for WebGL target not found
Refreshing native plugins compatible for Editor in 0.84 ms, found 2 plugins.
Preloading 0 native plugins for Editor in 0.00 ms.
Mono: successfully reloaded assembly
- Completed reload, in  1.462 seconds
Domain Reload Profiling:
	ReloadAssembly (1462ms)
		BeginReloadAssembly (117ms)
			ExecutionOrderSort (0ms)
			DisableScriptedObjects (4ms)
			BackupInstance (0ms)
			ReleaseScriptingObjects (0ms)
			CreateAndSetChildDomain (41ms)
		EndReloadAssembly (1282ms)
			LoadAssemblies (95ms)
			RebuildTransferFunctionScriptingTraits (0ms)
			SetupTypeCache (435ms)
			ReleaseScriptCaches (2ms)
			RebuildScriptCaches (80ms)
			SetupLoadedEditorAssemblies (516ms)
				LogAssemblyErrors (0ms)
				InitializePlatformSupportModulesInManaged (9ms)
				SetLoadedEditorAssemblies (1ms)
				RefreshPlugins (1ms)
				BeforeProcessingInitializeOnLoad (139ms)
				ProcessInitializeOnLoadAttributes (354ms)
				ProcessInitializeOnLoadMethodAttributes (8ms)
				AfterProcessingInitializeOnLoad (4ms)
				EditorAssembliesLoaded (0ms)
			ExecutionOrderSort2 (0ms)
			AwakeInstancesAfterBackupRestoration (9ms)
Platform modules already initialized, skipping
Refreshing native plugins compatible for Editor in 0.57 ms, found 2 plugins.
Preloading 0 native plugins for Editor in 0.00 ms.
Unloading 3263 Unused Serialized files (Serialized files now loaded: 0)
System memory in use before: 141.1 MB.
System memory in use after: 141.4 MB.

Unloading 13 unused Assets to reduce memory usage. Loaded Objects now: 3842.
Total: 3.766900 ms (FindLiveObjects: 0.344400 ms CreateObjectMapping: 0.152600 ms MarkObjects: 3.227700 ms  DeleteObjects: 0.040800 ms)

AssetImportParameters requested are different than current active one (requested -> active):
  custom:framework-win-MediaFoundation: 216162199b28c13a410421893ffa2e32 -> 
  custom:video-decoder-ogg-theora: a1e56fd34408186e4bbccfd4996cb3dc -> 
  custom:container-muxer-webm: aa71ff27fc2769a1b78a27578f13a17b -> 
  custom:container-demuxer-webm: 4f35f7cbe854078d1ac9338744f61a02 -> 
  custom:container-demuxer-ogg: 62fdf1f143b41e24485cea50d1cbac27 -> 
  custom:video-encoder-webm-vp8: eb34c28f22e8b96e1ab97ce403110664 -> 
  custom:video-codec-MediaFoundation-h265: 746d11721c4dcdbdad8f713fa42b33f4 -> 
  custom:video-decoder-webm-vp8: 9c59270c3fd7afecdb556c50c9e8de78 -> 
  custom:audio-decoder-ogg-vorbis: bf7c407c2cedff20999df2af8eb42d56 -> 
  custom:audio-encoder-webm-vorbis: bf7c407c2cedff20999df2af8eb42d56 -> 
========================================================================
Received Import Request.
  Time since last request: 287.026580 seconds.
  path: Assets/Core/CoreApps/AudioManager/AudioCues/AudioCue1.cs
  artifactKey: Guid(a6023a46b070cb94fa1ac051f30e2200) Importer(815301076,1909f56bfc062723c751e8b465ee728b)
Start importing Assets/Core/CoreApps/AudioManager/AudioCues/AudioCue1.cs using Guid(a6023a46b070cb94fa1ac051f30e2200) Importer(815301076,1909f56bfc062723c751e8b465ee728b)  -> (artifact id: '5b4717863a689c5be59fe6527028bee2') in 0.016802 seconds 
  Import took 0.025374 seconds .

========================================================================
Received Import Request.
  Time since last request: 7.467192 seconds.
  path: Assets/Core/CoreApps/AudioManager/AudioCues/SoundtrackCue.cs
  artifactKey: Guid(a6023a46b070cb94fa1ac051f30e2200) Importer(815301076,1909f56bfc062723c751e8b465ee728b)
Start importing Assets/Core/CoreApps/AudioManager/AudioCues/SoundtrackCue.cs using Guid(a6023a46b070cb94fa1ac051f30e2200) Importer(815301076,1909f56bfc062723c751e8b465ee728b)  -> (artifact id: '4c11995b2b2a41ea8404fcb39cd35497') in 0.011320 seconds 
  Import took 0.019011 seconds .

========================================================================
Received Import Request.
  Time since last request: 30.124271 seconds.
  path: Assets/Core/CoreApps/AudioManager/AudioCues/SoundtrackCue.cs
  artifactKey: Guid(a6023a46b070cb94fa1ac051f30e2200) Importer(815301076,1909f56bfc062723c751e8b465ee728b)
Start importing Assets/Core/CoreApps/AudioManager/AudioCues/SoundtrackCue.cs using Guid(a6023a46b070cb94fa1ac051f30e2200) Importer(815301076,1909f56bfc062723c751e8b465ee728b)  -> (artifact id: '4ed306263765228056fd03842d297d22') in 0.005231 seconds 
  Import took 0.013319 seconds .

========================================================================
Received Import Request.
  Time since last request: 170.792900 seconds.
  path: Assets/Core/CoreApps/AudioManager/AudioCues/SoundtrackCue.cs
  artifactKey: Guid(a6023a46b070cb94fa1ac051f30e2200) Importer(815301076,1909f56bfc062723c751e8b465ee728b)
Start importing Assets/Core/CoreApps/AudioManager/AudioCues/SoundtrackCue.cs using Guid(a6023a46b070cb94fa1ac051f30e2200) Importer(815301076,1909f56bfc062723c751e8b465ee728b)  -> (artifact id: 'cd485db0bcdc8c3dcd9d584c9dc0068d') in 0.006162 seconds 
  Import took 0.015422 seconds .

========================================================================
Received Import Request.
  Time since last request: 20.507874 seconds.
  path: Assets/Core/CoreApps/AudioManager/AudioCues/SoundtrackCue.cs
  artifactKey: Guid(a6023a46b070cb94fa1ac051f30e2200) Importer(815301076,1909f56bfc062723c751e8b465ee728b)
Start importing Assets/Core/CoreApps/AudioManager/AudioCues/SoundtrackCue.cs using Guid(a6023a46b070cb94fa1ac051f30e2200) Importer(815301076,1909f56bfc062723c751e8b465ee728b)  -> (artifact id: '971f141c1832a77f0e3d7fce283b8e9e') in 0.005342 seconds 
  Import took 0.014465 seconds .

========================================================================
Received Import Request.
  Time since last request: 10.999780 seconds.
  path: Assets/Core/CoreApps/AudioManager/AudioCues/SoundtrackCue.cs
  artifactKey: Guid(a6023a46b070cb94fa1ac051f30e2200) Importer(815301076,1909f56bfc062723c751e8b465ee728b)
Start importing Assets/Core/CoreApps/AudioManager/AudioCues/SoundtrackCue.cs using Guid(a6023a46b070cb94fa1ac051f30e2200) Importer(815301076,1909f56bfc062723c751e8b465ee728b)  -> (artifact id: '4b4194dbfc8de41aa8b7605546887c3b') in 0.005748 seconds 
  Import took 0.018110 seconds .

========================================================================
Received Import Request.
  Time since last request: 7.788540 seconds.
  path: Assets/Core/CoreApps/AudioManager/AudioCues/SoundtrackCue.cs
  artifactKey: Guid(a6023a46b070cb94fa1ac051f30e2200) Importer(815301076,1909f56bfc062723c751e8b465ee728b)
Start importing Assets/Core/CoreApps/AudioManager/AudioCues/SoundtrackCue.cs using Guid(a6023a46b070cb94fa1ac051f30e2200) Importer(815301076,1909f56bfc062723c751e8b465ee728b)  -> (artifact id: 'bf302d7c02b730b09c1b4cfb8a9caaea') in 0.004705 seconds 
  Import took 0.011129 seconds .

AssetImportWorkerClient::OnTransportError - code=2 error=End of file
